2024-10-07 13:17:08,318 - INFO - Start
2024-10-07 13:17:11,662 - INFO - Signal Strength: -46
2024-10-07 13:17:11,662 - INFO - Connect to Drone?
2024-10-07 13:17:14,572 - INFO - Signal Strength: -45
2024-10-07 13:17:14,572 - INFO - Arm Drone?
2024-10-07 13:17:14,587 - INFO - Home Position: 34.176642, -118.502307, 232.010000
2024-10-07 13:17:15,590 - INFO - Drone is Arm
2024-10-07 13:17:28,507 - INFO - Signal Strength: -46
2024-10-07 13:17:28,508 - INFO - Testing Commication Range
2024-10-07 13:17:31,386 - INFO - Signal Strength: -48
2024-10-07 13:17:31,919 - INFO - Signal Strength: -46
2024-10-07 13:17:31,920 - INFO - Current Position: 34.176633, -118.502304, 234.160000
2024-10-07 13:17:31,921 - INFO - Position: 34.176636, -118.502304, 234.240000
2024-10-07 13:17:31,921 - INFO - Enroute to target Position
2024-10-07 13:17:32,023 - INFO - Position: 34.176639, -118.502305, 234.490000
2024-10-07 13:17:32,023 - INFO - Enroute to target Position
2024-10-07 13:17:32,124 - INFO - Position: 34.176640, -118.502306, 234.390000
2024-10-07 13:17:32,125 - INFO - Enroute to target Position
2024-10-07 13:17:32,226 - INFO - Position: 34.176638, -118.502305, 234.600000
2024-10-07 13:17:32,226 - INFO - Enroute to target Position
2024-10-07 13:17:32,329 - INFO - Position: 34.176637, -118.502304, 234.860000
2024-10-07 13:17:32,329 - INFO - Enroute to target Position
2024-10-07 13:17:33,271 - INFO - Position: 34.176643, -118.502303, 234.590000
2024-10-07 13:17:33,271 - INFO - Enroute to target Position
2024-10-07 13:17:34,270 - INFO - Position: 34.176650, -118.502304, 234.690000
2024-10-07 13:17:34,271 - INFO - Reach Target Position
2024-10-07 13:17:34,772 - INFO - Signal Strength: -49
2024-10-07 13:17:35,270 - INFO - Current Position: 34.176653, -118.502306, 234.640000
2024-10-07 13:17:36,270 - INFO - Position: 34.176653, -118.502307, 234.630000
2024-10-07 13:17:36,271 - INFO - Reach Target Position
2024-10-07 13:17:36,773 - INFO - Signal Strength: -53
2024-10-07 13:17:37,272 - INFO - Current Position: 34.176651, -118.502307, 234.710000
2024-10-07 13:17:38,270 - INFO - Position: 34.176650, -118.502307, 234.720000
2024-10-07 13:17:38,270 - INFO - Reach Target Position
2024-10-07 13:17:38,773 - INFO - Signal Strength: -52
2024-10-07 13:17:39,269 - INFO - Current Position: 34.176649, -118.502307, 234.810000
2024-10-07 13:17:40,270 - INFO - Position: 34.176649, -118.502306, 234.760000
2024-10-07 13:17:40,271 - INFO - Reach Target Position
2024-10-07 13:17:40,773 - INFO - Signal Strength: -48
2024-10-07 13:17:41,271 - INFO - Current Position: 34.176651, -118.502307, 234.660000
2024-10-07 13:17:42,271 - INFO - Position: 34.176653, -118.502308, 234.760000
2024-10-07 13:17:42,271 - INFO - Reach Target Position
2024-10-07 13:17:43,270 - INFO - Position: 34.176649, -118.502308, 234.510000
2024-10-07 13:17:43,270 - INFO - Reach Target Position
2024-10-07 13:17:49,361 - INFO - Signal Strength: -47
2024-10-07 13:17:49,361 - INFO - Fly Foward
2024-10-07 13:17:49,880 - INFO - Signal Strength: -47
2024-10-07 13:17:53,090 - INFO - Signal Strength: -44
2024-10-07 13:17:53,105 - INFO - Current Position: 34.176644, -118.502304, 234.970000
2024-10-07 13:17:53,269 - INFO - Current Position: 34.176643, -118.502309, 234.750000
2024-10-07 13:17:59,274 - INFO - Current Position: 34.176738, -118.502223, 233.000000
2024-10-07 13:18:06,102 - INFO - Signal Strength: -68
2024-10-07 13:18:06,103 - INFO - Testing Commication Range
2024-10-07 13:18:09,298 - INFO - Signal Strength: -65
2024-10-07 13:18:09,833 - INFO - Signal Strength: -65
2024-10-07 13:18:09,835 - INFO - Current Position: 34.176737, -118.502224, 232.980000
2024-10-07 13:18:09,838 - INFO - Position: 34.176737, -118.502225, 233.430000
2024-10-07 13:18:09,839 - INFO - Enroute to target Position
2024-10-07 13:18:09,941 - INFO - Position: 34.176738, -118.502225, 234.210000
2024-10-07 13:18:09,942 - INFO - Enroute to target Position
2024-10-07 13:18:10,044 - INFO - Position: 34.176738, -118.502224, 234.840000
2024-10-07 13:18:10,044 - INFO - Enroute to target Position
2024-10-07 13:18:10,147 - INFO - Position: 34.176737, -118.502223, 235.440000
2024-10-07 13:18:10,147 - INFO - Enroute to target Position
2024-10-07 13:18:10,270 - INFO - Position: 34.176737, -118.502223, 235.620000
2024-10-07 13:18:10,270 - INFO - Enroute to target Position
2024-10-07 13:18:11,271 - INFO - Position: 34.176745, -118.502223, 235.000000
2024-10-07 13:18:11,271 - INFO - Enroute to target Position
2024-10-07 13:18:12,270 - INFO - Position: 34.176757, -118.502222, 233.870000
2024-10-07 13:18:12,271 - INFO - Reach Target Position
2024-10-07 13:18:12,773 - INFO - Signal Strength: -61
2024-10-07 13:18:13,269 - INFO - Current Position: 34.176764, -118.502222, 232.080000
2024-10-07 13:18:14,269 - INFO - Position: 34.176766, -118.502224, 231.660000
2024-10-07 13:18:14,269 - INFO - Reach Target Position
2024-10-07 13:18:14,772 - INFO - Signal Strength: -72
2024-10-07 13:18:15,271 - INFO - Current Position: 34.176767, -118.502224, 231.820000
2024-10-07 13:18:16,271 - INFO - Position: 34.176768, -118.502222, 232.090000
2024-10-07 13:18:16,271 - INFO - Enroute to target Position
2024-10-07 13:18:17,270 - INFO - Position: 34.176769, -118.502220, 232.480000
2024-10-07 13:18:17,271 - INFO - Enroute to target Position
2024-10-07 13:18:18,270 - INFO - Position: 34.176770, -118.502219, 232.750000
2024-10-07 13:18:18,270 - INFO - Enroute to target Position
2024-10-07 13:18:19,269 - INFO - Position: 34.176770, -118.502217, 233.000000
2024-10-07 13:18:19,269 - INFO - Enroute to target Position
2024-10-07 13:18:20,272 - INFO - Position: 34.176770, -118.502216, 233.200000
2024-10-07 13:18:20,273 - INFO - Enroute to target Position
2024-10-07 13:18:21,269 - INFO - Position: 34.176770, -118.502216, 233.410000
2024-10-07 13:18:21,270 - INFO - Enroute to target Position
2024-10-07 13:18:22,270 - INFO - Position: 34.176771, -118.502215, 233.570000
2024-10-07 13:18:22,271 - INFO - Enroute to target Position
2024-10-07 13:18:23,269 - INFO - Position: 34.176771, -118.502215, 233.800000
2024-10-07 13:18:23,270 - INFO - Enroute to target Position
2024-10-07 13:18:24,269 - INFO - Position: 34.176772, -118.502215, 233.910000
2024-10-07 13:18:24,269 - INFO - Enroute to target Position
2024-10-07 13:18:25,270 - INFO - Position: 34.176772, -118.502216, 233.990000
2024-10-07 13:18:25,271 - INFO - Enroute to target Position
2024-10-07 13:18:26,270 - INFO - Position: 34.176773, -118.502216, 234.110000
2024-10-07 13:18:26,271 - INFO - Enroute to target Position
2024-10-07 13:18:27,270 - INFO - Position: 34.176773, -118.502216, 234.190000
2024-10-07 13:18:27,271 - INFO - Enroute to target Position
2024-10-07 13:18:28,270 - INFO - Position: 34.176773, -118.502216, 234.340000
2024-10-07 13:18:28,270 - INFO - Enroute to target Position
2024-10-07 13:18:29,270 - INFO - Position: 34.176773, -118.502216, 234.520000
2024-10-07 13:18:29,271 - INFO - Enroute to target Position
2024-10-07 13:18:30,268 - INFO - Position: 34.176773, -118.502217, 234.680000
2024-10-07 13:18:30,269 - INFO - Enroute to target Position
2024-10-07 13:18:31,269 - INFO - Position: 34.176773, -118.502217, 234.740000
2024-10-07 13:18:31,269 - INFO - Enroute to target Position
2024-10-07 13:18:32,270 - INFO - Position: 34.176773, -118.502217, 234.800000
2024-10-07 13:18:32,270 - INFO - Enroute to target Position
2024-10-07 13:18:33,271 - INFO - Position: 34.176773, -118.502217, 234.850000
2024-10-07 13:18:33,271 - INFO - Enroute to target Position
2024-10-07 13:18:34,268 - INFO - Position: 34.176772, -118.502218, 234.480000
2024-10-07 13:18:34,269 - INFO - Enroute to target Position
2024-10-07 13:18:35,268 - INFO - Position: 34.176769, -118.502221, 233.590000
2024-10-07 13:18:35,269 - INFO - Enroute to target Position
2024-10-07 13:18:36,271 - INFO - Position: 34.176767, -118.502224, 232.810000
2024-10-07 13:18:36,271 - INFO - Reach Target Position
2024-10-07 13:18:36,775 - INFO - Signal Strength: -71
2024-10-07 13:18:37,271 - INFO - Current Position: 34.176764, -118.502226, 232.170000
2024-10-07 13:18:38,271 - INFO - Position: 34.176763, -118.502227, 231.660000
2024-10-07 13:18:38,271 - INFO - Reach Target Position
2024-10-07 13:18:38,774 - INFO - Signal Strength: -72
2024-10-07 13:18:39,271 - INFO - Current Position: 34.176761, -118.502227, 231.390000
2024-10-07 13:18:40,268 - INFO - Position: 34.176760, -118.502228, 231.220000
2024-10-07 13:18:40,269 - INFO - Reach Target Position
2024-10-07 13:18:41,269 - INFO - Position: 34.176759, -118.502229, 231.190000
2024-10-07 13:18:41,269 - INFO - Enroute to target Position
2024-10-07 13:18:42,268 - INFO - Position: 34.176759, -118.502231, 231.680000
2024-10-07 13:18:42,269 - INFO - Enroute to target Position
2024-10-07 13:18:43,269 - INFO - Position: 34.176760, -118.502232, 232.300000
2024-10-07 13:18:43,269 - INFO - Enroute to target Position
2024-10-07 13:18:44,269 - INFO - Position: 34.176761, -118.502233, 232.750000
2024-10-07 13:18:44,270 - INFO - Enroute to target Position
2024-10-07 13:18:45,269 - INFO - Position: 34.176761, -118.502234, 233.150000
2024-10-07 13:18:45,270 - INFO - Enroute to target Position
2024-10-07 13:18:46,269 - INFO - Position: 34.176761, -118.502234, 233.470000
2024-10-07 13:18:46,270 - INFO - Enroute to target Position
2024-10-07 13:18:47,269 - INFO - Position: 34.176762, -118.502234, 233.650000
2024-10-07 13:18:47,270 - INFO - Enroute to target Position
2024-10-07 13:18:48,269 - INFO - Position: 34.176762, -118.502234, 233.860000
2024-10-07 13:18:48,270 - INFO - Enroute to target Position
2024-10-07 13:18:49,269 - INFO - Position: 34.176761, -118.502235, 234.020000
2024-10-07 13:18:49,270 - INFO - Enroute to target Position
2024-10-07 13:18:50,270 - INFO - Position: 34.176761, -118.502235, 234.250000
2024-10-07 13:18:50,271 - INFO - Enroute to target Position
2024-10-07 13:18:51,270 - INFO - Position: 34.176761, -118.502236, 234.430000
2024-10-07 13:18:51,271 - INFO - Enroute to target Position
2024-10-07 13:18:52,270 - INFO - Position: 34.176759, -118.502235, 234.560000
2024-10-07 13:18:52,271 - INFO - Enroute to target Position
2024-10-07 13:18:53,270 - INFO - Position: 34.176748, -118.502227, 234.380000
2024-10-07 13:18:53,270 - INFO - Enroute to target Position
2024-10-07 13:18:54,270 - INFO - Position: 34.176730, -118.502219, 235.690000
2024-10-07 13:18:54,271 - INFO - Enroute to target Position
2024-10-07 13:18:55,270 - INFO - Position: 34.176709, -118.502214, 235.700000
2024-10-07 13:18:55,271 - INFO - Enroute to target Position
2024-10-07 13:18:56,269 - INFO - Position: 34.176695, -118.502224, 236.470000
2024-10-07 13:18:56,270 - INFO - Enroute to target Position
2024-10-07 13:18:57,270 - INFO - Position: 34.176681, -118.502235, 237.030000
2024-10-07 13:18:57,271 - INFO - Enroute to target Position
2024-10-07 13:18:58,270 - INFO - Position: 34.176669, -118.502243, 237.280000
2024-10-07 13:18:58,270 - INFO - Enroute to target Position
2024-10-07 13:18:59,270 - INFO - Position: 34.176656, -118.502251, 237.520000
2024-10-07 13:18:59,270 - INFO - Enroute to target Position
2024-10-07 13:19:00,268 - INFO - Position: 34.176646, -118.502260, 237.690000
2024-10-07 13:19:00,268 - INFO - Enroute to target Position
2024-10-07 13:19:01,268 - INFO - Position: 34.176635, -118.502269, 238.290000
2024-10-07 13:19:01,269 - INFO - Enroute to target Position
2024-10-07 13:19:02,268 - INFO - Position: 34.176624, -118.502279, 238.620000
2024-10-07 13:19:02,269 - INFO - Enroute to target Position
2024-10-07 13:19:03,269 - INFO - Position: 34.176613, -118.502291, 239.020000
2024-10-07 13:19:03,270 - INFO - Enroute to target Position
2024-10-07 13:19:04,268 - INFO - Position: 34.176603, -118.502303, 239.400000
2024-10-07 13:19:04,269 - INFO - Enroute to target Position
2024-10-07 13:19:05,268 - INFO - Position: 34.176595, -118.502315, 239.820000
2024-10-07 13:19:05,269 - INFO - Enroute to target Position
2024-10-07 13:19:06,268 - INFO - Position: 34.176590, -118.502325, 240.160000
2024-10-07 13:19:06,269 - INFO - Enroute to target Position
2024-10-07 13:19:07,268 - INFO - Position: 34.176591, -118.502335, 240.150000
2024-10-07 13:19:07,269 - INFO - Enroute to target Position
2024-10-07 13:19:08,268 - INFO - Position: 34.176598, -118.502335, 238.730000
2024-10-07 13:19:08,269 - INFO - Enr