2024-10-07 13:25:11,318 - INFO - Start
2024-10-07 13:25:15,480 - INFO - Signal Strength: -47
2024-10-07 13:25:15,481 - INFO - Connect to Drone?
2024-10-07 13:25:18,823 - INFO - Signal Strength: -47
2024-10-07 13:25:18,824 - INFO - Arm Drone?
2024-10-07 13:25:18,828 - INFO - Home Position: 34.176634, -118.502330, 226.450000
2024-10-07 13:25:20,332 - INFO - Drone not arm retrying
2024-10-07 13:25:24,337 - INFO - Drone is Arm
2024-10-07 13:25:39,668 - INFO - Signal Strength: -45
2024-10-07 13:25:39,668 - INFO - Testing Commication Range
2024-10-07 13:25:42,621 - INFO - Signal Strength: -47
2024-10-07 13:25:43,688 - INFO - Signal Strength: -46
2024-10-07 13:25:44,182 - INFO - Current Position: 34.176625, -118.502337, 229.070000
2024-10-07 13:25:45,182 - INFO - Position: 34.176627, -118.502336, 228.890000
2024-10-07 13:25:45,183 - INFO - Enroute to target Position
2024-10-07 13:25:46,183 - INFO - Position: 34.176638, -118.502335, 228.590000
2024-10-07 13:25:46,184 - INFO - Reach Target Position
2024-10-07 13:25:46,686 - INFO - Signal Strength: -46
2024-10-07 13:25:47,182 - INFO - Current Position: 34.176645, -118.502335, 227.920000
2024-10-07 13:25:48,182 - INFO - Position: 34.176649, -118.502334, 227.250000
2024-10-07 13:25:48,183 - INFO - Reach Target Position
2024-10-07 13:25:48,685 - INFO - Signal Strength: -54
2024-10-07 13:25:49,182 - INFO - Current Position: 34.176651, -118.502335, 227.280000
2024-10-07 13:25:50,183 - INFO - Position: 34.176649, -118.502336, 227.080000
2024-10-07 13:25:50,183 - INFO - Reach Target Position
2024-10-07 13:25:50,685 - INFO - Signal Strength: -51
2024-10-07 13:25:51,183 - INFO - Current Position: 34.176646, -118.502336, 227.030000
2024-10-07 13:25:52,186 - INFO - Position: 34.176645, -118.502335, 226.960000
2024-10-07 13:25:52,187 - INFO - Reach Target Position
2024-10-07 13:25:52,689 - INFO - Signal Strength: -46
2024-10-07 13:25:53,181 - INFO - Current Position: 34.176644, -118.502332, 227.250000
2024-10-07 13:25:54,184 - INFO - Position: 34.176644, -118.502330, 227.490000
2024-10-07 13:25:54,184 - INFO - Reach Target Position
2024-10-07 13:25:54,687 - INFO - Signal Strength: -46
2024-10-07 13:25:55,183 - INFO - Current Position: 34.176645, -118.502329, 227.750000
2024-10-07 13:25:56,181 - INFO - Position: 34.176646, -118.502328, 228.060000
2024-10-07 13:25:56,182 - INFO - Reach Target Position
2024-10-07 13:25:56,684 - INFO - Signal Strength: -47
2024-10-07 13:25:57,182 - INFO - Current Position: 34.176647, -118.502329, 228.230000
2024-10-07 13:25:58,183 - INFO - Position: 34.176646, -118.502331, 228.290000
2024-10-07 13:25:58,183 - INFO - Reach Target Position
2024-10-07 13:25:58,686 - INFO - Signal Strength: -49
2024-10-07 13:25:59,182 - INFO - Current Position: 34.176646, -118.502332, 227.930000
2024-10-07 13:26:00,183 - INFO - Position: 34.176646, -118.502334, 227.360000
2024-10-07 13:26:00,184 - INFO - Reach Target Position
2024-10-07 13:26:00,686 - INFO - Signal Strength: -47
2024-10-07 13:26:01,182 - INFO - Current Position: 34.176646, -118.502334, 226.770000
2024-10-07 13:26:02,183 - INFO - Position: 34.176646, -118.502334, 226.230000
2024-10-07 13:26:02,183 - INFO - Reach Target Position
2024-10-07 13:26:02,686 - INFO - Signal Strength: -50
2024-10-07 13:26:03,181 - INFO - Current Position: 34.176646, -118.502335, 225.960000
2024-10-07 13:26:04,183 - INFO - Position: 34.176644, -118.502336, 226.000000
2024-10-07 13:26:04,184 - INFO - Reach Target Position
2024-10-07 13:26:05,182 - INFO - Position: 34.176643, -118.502336, 226.380000
2024-10-07 13:26:05,183 - INFO - Reach Target Position
