2024-10-06 16:12:42,519 - INFO - Start
2024-10-06 16:12:45,944 - INFO - Signal Strength: -57
2024-10-06 16:12:45,945 - INFO - Connect to Drone?
2024-10-06 16:12:47,402 - INFO - Signal Strength: -48
2024-10-06 16:12:47,403 - INFO - Arm Drone?
2024-10-06 16:12:47,405 - INFO - Home Position: 34.199809, -118.525476, 238.080000
2024-10-06 16:12:47,406 - INFO - Drone is Arm
2024-10-06 16:13:05,451 - INFO - Signal Strength: -50
2024-10-06 16:13:05,451 - INFO - Testing Commication Range
2024-10-06 16:13:05,954 - INFO - Signal Strength: -50
2024-10-06 16:13:06,457 - INFO - Signal Strength: -50
2024-10-06 16:13:06,458 - INFO - Current Position: 34.199810, -118.525481, 236.060000
2024-10-06 16:13:06,978 - INFO - Signal Strength: -48
2024-10-06 16:13:07,307 - INFO - Current Position: 34.199805, -118.525479, 236.260000
2024-10-06 16:13:12,811 - INFO - Signal Strength: -43
2024-10-06 16:13:13,307 - INFO - Current Position: 34.199809, -118.525472, 234.070000
2024-10-06 16:13:18,812 - INFO - Signal Strength: -48
2024-10-06 16:13:19,306 - INFO - Current Position: 34.199816, -118.525472, 233.380000
2024-10-06 16:13:25,310 - INFO - Position: 34.199823, -118.525473, 231.440000
2024-10-06 16:13:25,311 - INFO - Error Lat = 0.000014
2024-10-06 16:13:25,311 - INFO - Error lon = 0.000003
2024-10-06 16:13:25,312 - INFO - Enroute to target Position
2024-10-06 16:13:26,310 - INFO - Position: 34.199823, -118.525474, 231.440000
2024-10-06 16:13:26,311 - INFO - Error Lat = 0.000014
2024-10-06 16:13:26,311 - INFO - Error lon = 0.000002
2024-10-06 16:13:26,311 - INFO - Enroute to target Position
2024-10-06 16:13:27,310 - INFO - Position: 34.199824, -118.525472, 231.100000
2024-10-06 16:13:27,311 - INFO - Error Lat = 0.000015
2024-10-06 16:13:27,311 - INFO - Error lon = 0.000004
2024-10-06 16:13:27,311 - INFO - Enroute to target Position
2024-10-06 16:13:28,310 - INFO - Position: 34.199825, -118.525472, 231.170000
2024-10-06 16:13:28,311 - INFO - Error Lat = 0.000016
2024-10-06 16:13:28,311 - INFO - Error lon = 0.000004
2024-10-06 16:13:28,311 - INFO - Enroute to target Position
2024-10-06 16:13:29,310 - INFO - Position: 34.199827, -118.525473, 230.890000
2024-10-06 16:13:29,311 - INFO - Error Lat = 0.000018
2024-10-06 16:13:29,311 - INFO - Error lon = 0.000003
2024-10-06 16:13:29,311 - INFO - Enroute to target Position
2024-10-06 16:13:30,310 - INFO - Position: 34.199827, -118.525474, 230.780000
2024-10-06 16:13:30,312 - INFO - Error Lat = 0.000018
2024-10-06 16:13:30,313 - INFO - Error lon = 0.000002
2024-10-06 16:13:30,313 - INFO - Enroute to target Position
2024-10-06 16:13:31,308 - INFO - Position: 34.199829, -118.525476, 230.680000
2024-10-06 16:13:31,308 - INFO - Error Lat = 0.000020
2024-10-06 16:13:31,308 - INFO - Error lon = 0.000000
2024-10-06 16:13:31,309 - INFO - Enroute to target Position
2024-10-06 16:13:32,306 - INFO - Position: 34.199829, -118.525478, 230.620000
2024-10-06 16:13:32,306 - INFO - Error Lat = 0.000020
2024-10-06 16:13:32,307 - INFO - Error lon = 0.000002
2024-10-06 16:13:32,307 - INFO - Enroute to target Position
2024-10-06 16:13:33,307 - INFO - Position: 34.199831, -118.525480, 230.440000
2024-10-06 16:13:33,308 - INFO - Error Lat = 0.000022
2024-10-06 16:13:33,308 - INFO - Error lon = 0.000004
2024-10-06 16:13:33,309 - INFO - Enroute to target Position
2024-10-06 16:13:34,306 - INFO - Position: 34.199832, -118.525481, 230.480000
2024-10-06 16:13:34,306 - INFO - Error Lat = 0.000023
2024-10-06 16:13:34,307 - INFO - Error lon = 0.000005
2024-10-06 16:13:34,307 - INFO - Enroute to target Position
2024-10-06 16:13:35,306 - INFO - Position: 34.199831, -118.525481, 230.720000
2024-10-06 16:13:35,306 - INFO - Error Lat = 0.000022
2024-10-06 16:13:35,306 - INFO - Error lon = 0.000005
2024-10-06 16:13:35,307 - INFO - Enroute to target Position
2024-10-06 16:13:36,306 - INFO - Position: 34.199831, -118.525481, 230.630000
2024-10-06 16:13:36,306 - INFO - Error Lat = 0.000021
2024-10-06 16:13:36,306 - INFO - Error lon = 0.000005
2024-10-06 16:13:36,307 - INFO - Enroute to target Position
2024-10-06 16:13:37,306 - INFO - Position: 34.199830, -118.525481, 230.660000
2024-10-06 16:13:37,306 - INFO - Error Lat = 0.000021
2024-10-06 16:13:37,306 - INFO - Error lon = 0.000005
2024-10-06 16:13:37,307 - INFO - Enroute to target Position
2024-10-06 16:13:38,306 - INFO - Position: 34.199830, -118.525481, 230.320000
2024-10-06 16:13:38,306 - INFO - Error Lat = 0.000021
2024-10-06 16:13:38,306 - INFO - Error lon = 0.000005
2024-10-06 16:13:38,307 - INFO - Enroute to target Position
2024-10-06 16:13:39,306 - INFO - Position: 34.199831, -118.525482, 230.480000
2024-10-06 16:13:39,306 - INFO - Error Lat = 0.000022
2024-10-06 16:13:39,306 - INFO - Error lon = 0.000006
2024-10-06 16:13:39,307 - INFO - Enroute to target Position
2024-10-06 16:13:40,306 - INFO - Position: 34.199831, -118.525481, 230.630000
2024-10-06 16:13:40,306 - INFO - Error Lat = 0.000022
2024-10-06 16:13:40,306 - INFO - Error lon = 0.000006
2024-10-06 16:13:40,307 - INFO - Enroute to target Position
2024-10-06 16:13:41,305 - INFO - Position: 34.199831, -118.525481, 230.750000
2024-10-06 16:13:41,306 - INFO - Error Lat = 0.000022
2024-10-06 16:13:41,306 - INFO - Error lon = 0.000005
2024-10-06 16:13:41,308 - INFO - Enroute to target Position
2024-10-06 16:13:42,306 - INFO - Position: 34.199832, -118.525482, 231.170000
2024-10-06 16:13:42,306 - INFO - Error Lat = 0.000023
2024-10-06 16:13:42,306 - INFO - Error lon = 0.000006
2024-10-06 16:13:42,307 - INFO - Enroute to target Position
