2024-10-07 08:12:07,201 - INFO - Start
2024-10-07 08:12:10,071 - INFO - Signal Strength: -53
2024-10-07 08:12:10,072 - INFO - Connect to Drone?
2024-10-07 08:12:12,667 - INFO - Signal Strength: -54
2024-10-07 08:12:12,668 - INFO - Arm Drone?
2024-10-07 08:12:12,671 - INFO - Home Position: 34.176658, -118.502532, 220.130000
2024-10-07 08:12:13,676 - INFO - Drone is Arm
2024-10-07 08:12:26,375 - INFO - Signal Strength: -49
2024-10-07 08:12:26,376 - INFO - Change Altitude Value
2024-10-07 08:12:28,542 - INFO - Signal Strength: -51
2024-10-07 08:12:34,497 - INFO - Signal Strength: -50
2024-10-07 08:12:34,498 - INFO - Testing Commication Range
2024-10-07 08:12:38,790 - INFO - Signal Strength: -50
2024-10-07 08:12:39,318 - INFO - Signal Strength: -52
2024-10-07 08:12:39,321 - INFO - Current Position: 34.176657, -118.502531, 221.900000
2024-10-07 08:12:39,860 - INFO - Signal Strength: -49
2024-10-07 08:12:40,294 - INFO - Current Position: 34.176661, -118.502533, 223.270000
2024-10-07 08:12:45,799 - INFO - Signal Strength: -56
2024-10-07 08:12:46,294 - INFO - Current Position: 34.176690, -118.502560, 224.570000
2024-10-07 08:12:51,798 - INFO - Signal Strength: -60
2024-10-07 08:12:52,294 - INFO - Current Position: 34.176721, -118.502588, 225.210000
2024-10-07 08:12:57,799 - INFO - Signal Strength: -64
2024-10-07 08:12:58,294 - INFO - Current Position: 34.176753, -118.502615, 226.310000
2024-10-07 08:13:05,799 - INFO - Singal Loss
2024-10-07 08:13:05,802 - INFO - Position: 34.176789, -118.502631, 227.000000
2024-10-07 08:13:05,803 - INFO - Error Lat = 0.000130
2024-10-07 08:13:05,803 - INFO - Error lon = 0.000099
2024-10-07 08:13:05,803 - INFO - Enroute to target Position
2024-10-07 08:13:05,906 - INFO - Position: 34.176787, -118.502631, 227.170000
2024-10-07 08:13:05,906 - INFO - Error Lat = 0.000129
2024-10-07 08:13:05,906 - INFO - Error lon = 0.000099
2024-10-07 08:13:05,907 - INFO - Enroute to target Position
2024-10-07 08:13:06,298 - INFO - Position: 34.176786, -118.502630, 227.300000
2024-10-07 08:13:06,299 - INFO - Error Lat = 0.000128
2024-10-07 08:13:06,299 - INFO - Error lon = 0.000098
2024-10-07 08:13:06,299 - INFO - Enroute to target Position
2024-10-07 08:13:07,293 - INFO - Position: 34.176777, -118.502623, 226.840000
2024-10-07 08:13:07,293 - INFO - Error Lat = 0.000118
2024-10-07 08:13:07,294 - INFO - Error lon = 0.000091
2024-10-07 08:13:07,294 - INFO - Enroute to target Position
2024-10-07 08:13:08,294 - INFO - Position: 34.176749, -118.502603, 226.520000
2024-10-07 08:13:08,295 - INFO - Error Lat = 0.000090
2024-10-07 08:13:08,295 - INFO - Error lon = 0.000071
2024-10-07 08:13:08,295 - INFO - Enroute to target Position
2024-10-07 08:13:09,294 - INFO - Position: 34.176709, -118.502578, 226.100000
2024-10-07 08:13:09,294 - INFO - Error Lat = 0.000050
2024-10-07 08:13:09,295 - INFO - Error lon = 0.000046
2024-10-07 08:13:09,295 - INFO - Enroute to target Position
2024-10-07 08:13:10,294 - INFO - Position: 34.176675, -118.502558, 225.530000
2024-10-07 08:13:10,294 - INFO - Error Lat = 0.000017
2024-10-07 08:13:10,295 - INFO - Error lon = 0.000026
2024-10-07 08:13:10,295 - INFO - Enroute to target Position
2024-10-07 08:13:11,294 - INFO - Position: 34.176655, -118.502542, 225.180000
2024-10-07 08:13:11,294 - INFO - Error Lat = 0.000003
2024-10-07 08:13:11,295 - INFO - Error lon = 0.000010
2024-10-07 08:13:11,295 - INFO - Reach Target Position
2024-10-07 08:13:20,834 - INFO - Script Finish
