2024-10-07 13:05:48,766 - INFO - Start
2024-10-07 13:05:54,978 - INFO - Signal Strength: -43
2024-10-07 13:05:54,979 - INFO - Connect to Drone?
2024-10-07 13:05:56,971 - INFO - Signal Strength: -43
2024-10-07 13:05:56,972 - INFO - Arm Drone?
2024-10-07 13:05:56,974 - INFO - Home Position: 34.199814, -118.525511, 239.630000
2024-10-07 13:05:56,975 - INFO - Drone is Arm
2024-10-07 13:06:16,712 - INFO - Signal Strength: -43
2024-10-07 13:06:16,713 - INFO - Testing Commication Range
2024-10-07 13:06:19,245 - INFO - Signal Strength: -43
2024-10-07 13:06:19,776 - INFO - Signal Strength: -43
2024-10-07 13:06:19,780 - INFO - Current Position: 34.199826, -118.525514, 239.850000
2024-10-07 13:06:19,784 - INFO - Position: 34.199825, -118.525514, 239.860000
2024-10-07 13:06:19,784 - INFO - Enroute to target Position
2024-10-07 13:06:19,887 - INFO - Position: 34.199825, -118.525516, 239.880000
2024-10-07 13:06:19,888 - INFO - Enroute to target Position
2024-10-07 13:06:19,992 - INFO - Position: 34.199824, -118.525515, 239.910000
2024-10-07 13:06:19,992 - INFO - Enroute to target Position
2024-10-07 13:06:20,095 - INFO - Position: 34.199824, -118.525514, 239.620000
2024-10-07 13:06:20,096 - INFO - Enroute to target Position
2024-10-07 13:06:20,199 - INFO - Position: 34.199822, -118.525512, 239.890000
2024-10-07 13:06:20,200 - INFO - Enroute to target Position
2024-10-07 13:06:20,303 - INFO - Position: 34.199823, -118.525513, 239.370000
2024-10-07 13:06:20,303 - INFO - Enroute to target Position
2024-10-07 13:06:20,406 - INFO - Position: 34.199822, -118.525512, 239.840000
2024-10-07 13:06:20,407 - INFO - Enroute to target Position
2024-10-07 13:06:20,510 - INFO - Position: 34.199820, -118.525512, 240.310000
2024-10-07 13:06:20,510 - INFO - Enroute to target Position
2024-10-07 13:06:20,613 - INFO - Position: 34.199818, -118.525511, 240.730000
2024-10-07 13:06:20,614 - INFO - Enroute to target Position
2024-10-07 13:06:20,719 - INFO - Position: 34.199817, -118.525508, 240.940000
2024-10-07 13:06:20,720 - INFO - Enroute to target Position
2024-10-07 13:06:20,914 - INFO - Position: 34.199820, -118.525512, 240.600000
2024-10-07 13:06:20,914 - INFO - Enroute to target Position
2024-10-07 13:06:21,913 - INFO - Position: 34.199821, -118.525511, 239.950000
2024-10-07 13:06:21,914 - INFO - Enroute to target Position
2024-10-07 13:06:22,913 - INFO - Position: 34.199823, -118.525512, 239.480000
2024-10-07 13:06:22,914 - INFO - Enroute to target Position
2024-10-07 13:06:23,913 - INFO - Position: 34.199824, -118.525514, 239.280000
2024-10-07 13:06:23,914 - INFO - Enroute to target Position
2024-10-07 13:06:24,916 - INFO - Position: 34.199825, -118.525517, 239.220000
2024-10-07 13:06:24,917 - INFO - Enroute to target Position
2024-10-07 13:06:25,916 - INFO - Position: 34.199826, -118.525518, 239.150000
2024-10-07 13:06:25,917 - INFO - Enroute to target Position
2024-10-07 13:06:26,916 - INFO - Position: 34.199827, -118.525519, 239.040000
2024-10-07 13:06:26,917 - INFO - Enroute to target Position
2024-10-07 13:06:27,918 - INFO - Position: 34.199827, -118.525521, 239.360000
2024-10-07 13:06:27,918 - INFO - Enroute to target Position
2024-10-07 13:06:28,915 - INFO - Position: 34.199827, -118.525523, 239.150000
2024-10-07 13:06:28,916 - INFO - Enroute to target Position
2024-10-07 13:06:29,915 - INFO - Position: 34.199824, -118.525522, 239.420000
2024-10-07 13:06:29,916 - INFO - Enroute to target Position
2024-10-07 13:06:30,915 - INFO - Position: 34.199821, -118.525520, 239.720000
2024-10-07 13:06:30,916 - INFO - Enroute to target Position
2024-10-07 13:06:31,913 - INFO - Position: 34.199820, -118.525519, 239.830000
2024-10-07 13:06:31,914 - INFO - Enroute to target Position
2024-10-07 13:06:32,918 - INFO - Position: 34.199823, -118.525519, 239.390000
2024-10-07 13:06:32,921 - INFO - Enroute to target Position
2024-10-07 13:06:33,916 - INFO - Position: 34.199823, -118.525519, 238.840000
2024-10-07 13:06:33,916 - INFO - Enroute to target Position
2024-10-07 13:06:34,915 - INFO - Position: 34.199825, -118.525520, 238.530000
2024-10-07 13:06:34,915 - INFO - Enroute to target Position
2024-10-07 13:06:35,912 - INFO - Position: 34.199825, -118.525519, 238.730000
2024-10-07 13:06:35,913 - INFO - Enroute to target Position
2024-10-07 13:06:36,912 - INFO - Position: 34.199824, -118.525518, 239.090000
2024-10-07 13:06:36,913 - INFO - Enroute to target Position
2024-10-07 13:06:37,913 - INFO - Position: 34.199826, -118.525517, 238.230000
2024-10-07 13:06:37,913 - INFO - Enroute to target Position
2024-10-07 13:06:38,915 - INFO - Position: 34.199826, -118.525515, 238.220000
2024-10-07 13:06:38,916 - INFO - Enroute to target Position
2024-10-07 13:06:39,915 - INFO - Position: 34.199821, -118.525508, 237.920000
2024-10-07 13:06:39,915 - INFO - Enroute to target Position
2024-10-07 13:06:40,915 - INFO - Position: 34.199821, -118.525508, 237.580000
2024-10-07 13:06:40,916 - INFO - Enroute to target Position
2024-10-07 13:06:41,913 - INFO - Position: 34.199822, -118.525510, 237.770000
2024-10-07 13:06:41,914 - INFO - Enroute to target Position
