2024-10-07 08:14:08,023 - INFO - Start
2024-10-07 08:14:11,185 - INFO - Signal Strength: -70
2024-10-07 08:14:11,185 - INFO - Connect to Drone?
2024-10-07 08:14:15,917 - INFO - Signal Strength: -60
2024-10-07 08:14:15,918 - INFO - Arm Drone?
2024-10-07 08:14:15,925 - INFO - Home Position: 34.176644, -118.502518, 222.360000
2024-10-07 08:14:17,431 - INFO - Drone not arm retrying
2024-10-07 08:14:21,935 - INFO - Drone not arm retrying
2024-10-07 08:14:26,438 - INFO - Drone not arm retrying
2024-10-07 08:14:30,442 - INFO - Drone is Arm
2024-10-07 08:14:49,046 - INFO - Signal Strength: -49
2024-10-07 08:14:49,047 - INFO - Change Altitude Value
2024-10-07 08:14:51,107 - INFO - Signal Strength: -49
2024-10-07 08:14:55,615 - INFO - Signal Strength: -57
2024-10-07 08:14:55,615 - INFO - Fly Foward
2024-10-07 08:14:59,409 - INFO - Signal Strength: -46
2024-10-07 08:14:59,438 - INFO - Current Position: 34.176649, -118.502536, 222.950000
2024-10-07 08:14:59,587 - INFO - Current Position: 34.176645, -118.502537, 223.440000
2024-10-07 08:15:05,590 - INFO - Current Position: 34.176699, -118.502572, 219.170000
2024-10-07 08:15:10,598 - INFO - Signal Strength: -63
2024-10-07 08:15:10,599 - INFO - Fly Foward
2024-10-07 08:15:15,840 - INFO - Signal Strength: -60
2024-10-07 08:15:15,852 - INFO - Current Position: 34.176703, -118.502568, 217.910000
2024-10-07 08:15:16,583 - INFO - Current Position: 34.176704, -118.502574, 218.030000
2024-10-07 08:15:21,588 - INFO - Current Position: 34.176799, -118.502662, 215.910000
